Using pre-set license
Built from '2020.2/staging' branch; Version is '2020.2.7f1 (c53830e277f1) revision 12924976'; Using compiler version '192528614'; Build Type 'Release'
OS: 'Windows 8.1  (6.3.0) 64bit' Language: 'en' Physical Memory: 6029 MB
BatchMode: 1, IsHumanControllingUs: 0, StartBugReporterOnCrash: 0, Is64bit: 1, IsPro: 0

 COMMAND LINE ARGUMENTS:
D:\unity\Editor\Unity.exe
-adb2
-batchMode
-noUpm
-name
AssetImportWorker0
-projectPath
D:/unity/project/prototype4
-logFile
Logs/AssetImportWorker0.log
-srvPort
8186
Successfully changed project path to: D:/unity/project/prototype4
D:/unity/project/prototype4
Using Asset Import Pipeline V2.
Refreshing native plugins compatible for Editor in 51.63 ms, found 0 plugins.
Preloading 0 native plugins for Editor in 0.00 ms.
Initialize engine version: 2020.2.7f1 (c53830e277f1)
[Subsystems] Discovering subsystems at path D:/unity/Editor/Data/Resources/UnitySubsystems
[Subsystems] Discovering subsystems at path D:/unity/project/prototype4/Assets
GfxDevice: creating device client; threaded=0
d3d11: QueryInterface(IDXGIFactory5) failed (80004002).
Direct3D:
    Version:  Direct3D 11.0 [level 11.0]
    Renderer: NVIDIA GeForce GT 740M (ID=0xfdf)
    Vendor:   
    VRAM:     1977 MB
    Driver:   25.21.14.2531
Initialize mono
Mono path[0] = 'D:/unity/Editor/Data/Managed'
Mono path[1] = 'D:/unity/Editor/Data/MonoBleedingEdge/lib/mono/unityjit'
Mono config path = 'D:/unity/Editor/Data/MonoBleedingEdge/etc'
Using monoOptions --debugger-agent=transport=dt_socket,embedding=1,server=y,suspend=n,address=127.0.0.1:56100
Begin MonoManager ReloadAssembly
Registering precompiled unity dll's ...
Register platform support module: D:/unity/Editor/Data/PlaybackEngines/WindowsStandaloneSupport/UnityEditor.WindowsStandalone.Extensions.dll
Registered in 0.001480 seconds.
Native extension for WindowsStandalone target not found
Refreshing native plugins compatible for Editor in 39.95 ms, found 0 plugins.
Preloading 0 native plugins for Editor in 0.00 ms.
Invoked RoslynAnalysisRunner static constructor.
RoslynAnalysisRunner will not be running.
RoslynAnalysisRunner has terminated.
Mono: successfully reloaded assembly
- Completed reload, in  1.712 seconds
Platform modules already initialized, skipping
Registering precompiled user dll's ...
Registered in 0.000985 seconds.
Begin MonoManager ReloadAssembly
Native extension for WindowsStandalone target not found
Refreshing native plugins compatible for Editor in 0.50 ms, found 0 plugins.
Preloading 0 native plugins for Editor in 0.00 ms.
Invoked RoslynAnalysisRunner static constructor.
RoslynAnalysisRunner will not be running.
RoslynAnalysisRunner has terminated.
Mono: successfully reloaded assembly
- Completed reload, in  1.635 seconds
Platform modules already initialized, skipping
========================================================================
Worker process is ready to serve import requests
Launched and connected shader compiler UnityShaderCompiler.exe after 0.03 seconds
Refreshing native plugins compatible for Editor in 0.44 ms, found 0 plugins.
Preloading 0 native plugins for Editor in 0.00 ms.
Unloading 1113 Unused Serialized files (Serialized files now loaded: 0)
System memory in use before: 56.9 MB.
System memory in use after: 56.9 MB.

Unloading 10 unused Assets to reduce memory usage. Loaded Objects now: 1555.
Total: 2.987755 ms (FindLiveObjects: 0.310749 ms CreateObjectMapping: 0.182458 ms MarkObjects: 2.330905 ms  DeleteObjects: 0.160221 ms)

========================================================================
Received Import Request.
  path: Assets/Scenes
  artifactKey: Guid(ff0a837adafea5243ae251a43a9f0170) Importer(815301076,1909f56bfc062723c751e8b465ee728b)
Start importing Assets/Scenes using Guid(ff0a837adafea5243ae251a43a9f0170) Importer(815301076,1909f56bfc062723c751e8b465ee728b)  -> (artifact id: 'c4116e0421397c9a599d5a7e8a24c331') in 0.007105 seconds
  Import took 0.010264 seconds .

========================================================================
Received Import Request.
  Time since last request: 13.248253 seconds.
  path: Assets/Scenes/SampleScene.unity
  artifactKey: Guid(9fc0d4010bbf28b4594072e72b8655ab) Importer(815301076,1909f56bfc062723c751e8b465ee728b)
Start importing Assets/Scenes/SampleScene.unity using Guid(9fc0d4010bbf28b4594072e72b8655ab) Importer(815301076,1909f56bfc062723c751e8b465ee728b)  -> (artifact id: '9e7e0f1d87270bc844b2c421902392ea') in 0.019748 seconds
  Import took 0.023023 seconds .

========================================================================
Received Import Request.
  Time since last request: 0.001620 seconds.
  path: Assets/Scenes/SampleScene.unity
  artifactKey: Guid(9fc0d4010bbf28b4594072e72b8655ab) Importer(815301076,1909f56bfc062723c751e8b465ee728b)
Start importing Assets/Scenes/SampleScene.unity using Guid(9fc0d4010bbf28b4594072e72b8655ab) Importer(815301076,1909f56bfc062723c751e8b465ee728b)  -> (artifact id: '9e7e0f1d87270bc844b2c421902392ea') in 0.005682 seconds
  Import took 0.009139 seconds .

========================================================================
Received Import Request.
  Time since last request: 2.443294 seconds.
  path: Assets/Scenes/Prototype 4.unity
  artifactKey: Guid(a4b96ad7a65484fd4a83cb97540eee50) Importer(815301076,1909f56bfc062723c751e8b465ee728b)
Start importing Assets/Scenes/Prototype 4.unity using Guid(a4b96ad7a65484fd4a83cb97540eee50) Importer(815301076,1909f56bfc062723c751e8b465ee728b)  -> (artifact id: '7b8b9125e262ac9c04664ff90f27792f') in 0.004905 seconds
  Import took 0.008087 seconds .

========================================================================
Received Import Request.
  Time since last request: 19.384837 seconds.
  path: Assets/Course Library/_Source_Files/Materials/FX_Dust.mat
  artifactKey: Guid(cd97a4f0bfba00a46a4a29156f2a23bd) Importer(815301076,1909f56bfc062723c751e8b465ee728b)
Start importing Assets/Course Library/_Source_Files/Materials/FX_Dust.mat using Guid(cd97a4f0bfba00a46a4a29156f2a23bd) Importer(815301076,1909f56bfc062723c751e8b465ee728b)  -> (artifact id: '8caee28e0f853d4ef776013278ecbce2') in 0.167326 seconds
  Import took 0.171259 seconds .

========================================================================
Received Import Request.
  Time since last request: 161.716235 seconds.
  path: Assets/Course Library/Textures/PolygonPrototype_Texture_Grid_01.png
  artifactKey: Guid(2a09470ada0c47849ad79d26363f8e4a) Importer(815301076,1909f56bfc062723c751e8b465ee728b)
Start importing Assets/Course Library/Textures/PolygonPrototype_Texture_Grid_01.png using Guid(2a09470ada0c47849ad79d26363f8e4a) Importer(815301076,1909f56bfc062723c751e8b465ee728b)  -> (artifact id: 'b29cbff7ea06710544751db1d331d999') in 0.033152 seconds
  Import took 0.036888 seconds .

========================================================================
Received Import Request.
  Time since last request: 0.000307 seconds.
  path: Assets/Course Library/Textures/PolygonPrototype_Texture_Grid_02.png
  artifactKey: Guid(6b38ffdcc39b96042a822bb3f490eefd) Importer(815301076,1909f56bfc062723c751e8b465ee728b)
Start importing Assets/Course Library/Textures/PolygonPrototype_Texture_Grid_02.png using Guid(6b38ffdcc39b96042a822bb3f490eefd) Importer(815301076,1909f56bfc062723c751e8b465ee728b)  -> (artifact id: '917511179012240cface2f4e7892c308') in 0.015233 seconds
  Import took 0.019105 seconds .

========================================================================
Received Import Request.
  Time since last request: 0.000312 seconds.
  path: Assets/Course Library/Textures/PolygonPrototype_Texture_Grid_08.png
  artifactKey: Guid(1d12fa396a3563b41b9ae11b0fb0b986) Importer(815301076,1909f56bfc062723c751e8b465ee728b)
Start importing Assets/Course Library/Textures/PolygonPrototype_Texture_Grid_08.png using Guid(1d12fa396a3563b41b9ae11b0fb0b986) Importer(815301076,1909f56bfc062723c751e8b465ee728b)  -> (artifact id: 'f51bac2985c002ae9280cb770f00a8a0') in 0.037561 seconds
  Import took 0.041858 seconds .

========================================================================
Received Import Request.
  Time since last request: 0.000328 seconds.
  path: Assets/Course Library/Textures/PolygonPrototype_Texture_Grid_06.png
  artifactKey: Guid(bbc54c0e722a346408cd09eef6dc0cd6) Importer(815301076,1909f56bfc062723c751e8b465ee728b)
Start importing Assets/Course Library/Textures/PolygonPrototype_Texture_Grid_06.png using Guid(bbc54c0e722a346408cd09eef6dc0cd6) Importer(815301076,1909f56bfc062723c751e8b465ee728b)  -> (artifact id: '3dbc6737e3326ea4df8c25ad39ab562d') in 0.012511 seconds
  Import took 0.015925 seconds .

========================================================================
Received Import Request.
  Time since last request: 0.000298 seconds.
  path: Assets/Course Library/Textures/PolygonPrototype_Texture_Grid_07.png
  artifactKey: Guid(7789f4efbb0f45c4780925243375a18e) Importer(815301076,1909f56bfc062723c751e8b465ee728b)
Start importing Assets/Course Library/Textures/PolygonPrototype_Texture_Grid_07.png using Guid(7789f4efbb0f45c4780925243375a18e) Importer(815301076,1909f56bfc062723c751e8b465ee728b)  -> (artifact id: 'a4358694144021f87af165062f630e65') in 0.013511 seconds
  Import took 0.017396 seconds .

========================================================================
Received Import Request.
  Time since last request: 0.000314 seconds.
  path: Assets/Course Library/Textures/PolygonPrototype_Texture_Grid_03.png
  artifactKey: Guid(86507321c175292409cc422c5e33d711) Importer(815301076,1909f56bfc062723c751e8b465ee728b)
Start importing Assets/Course Library/Textures/PolygonPrototype_Texture_Grid_03.png using Guid(86507321c175292409cc422c5e33d711) Importer(815301076,1909f56bfc062723c751e8b465ee728b)  -> (artifact id: '691f38065b5a75366404fa38c90790b0') in 0.013931 seconds
  Import took 0.017389 seconds .

========================================================================
Received Import Request.
  Time since last request: 0.000318 seconds.
  path: Assets/Course Library/Textures/PolygonPrototype_Texture_Grid_04.png
  artifactKey: Guid(c7c5239ae4b2ace4d8774918a50a940a) Importer(815301076,1909f56bfc062723c751e8b465ee728b)
Start importing Assets/Course Library/Textures/PolygonPrototype_Texture_Grid_04.png using Guid(c7c5239ae4b2ace4d8774918a50a940a) Importer(815301076,1909f56bfc062723c751e8b465ee728b)  -> (artifact id: '9e22593761adb5a1ec81a618c5d92a54') in 0.013664 seconds
  Import took 0.017621 seconds .

========================================================================
Received Import Request.
  Time since last request: 0.000275 seconds.
  path: Assets/Course Library/Textures/PolygonPrototype_Texture_Grid_05.png
  artifactKey: Guid(8634f8cf5ba74134c972fb2d36355077) Importer(815301076,1909f56bfc062723c751e8b465ee728b)
Start importing Assets/Course Library/Textures/PolygonPrototype_Texture_Grid_05.png using Guid(8634f8cf5ba74134c972fb2d36355077) Importer(815301076,1909f56bfc062723c751e8b465ee728b)  -> (artifact id: 'ec9844a4bfff64a93793c3e1275316ab') in 0.016214 seconds
  Import took 0.020240 seconds .

========================================================================
Received Import Request.
  Time since last request: 0.000300 seconds.
  path: Assets/Course Library/Textures/PolygonPrototype_Texture_Grid_Glass_01.png
  artifactKey: Guid(1432e62c10501d147a873c128326f711) Importer(815301076,1909f56bfc062723c751e8b465ee728b)
Start importing Assets/Course Library/Textures/PolygonPrototype_Texture_Grid_Glass_01.png using Guid(1432e62c10501d147a873c128326f711) Importer(815301076,1909f56bfc062723c751e8b465ee728b)  -> (artifact id: '3862993efb241b186141296e61203e90') in 0.011357 seconds
  Import took 0.014950 seconds .

========================================================================
Received Import Request.
  Time since last request: 81.657962 seconds.
  path: Assets
  artifactKey: Guid(00000000000000001000000000000000) Importer(815301076,1909f56bfc062723c751e8b465ee728b)
Start importing Assets using Guid(00000000000000001000000000000000) Importer(815301076,1909f56bfc062723c751e8b465ee728b)  -> (artifact id: 'f89434ac489deb914593f829e0a47671') in 0.005662 seconds
  Import took 0.009318 seconds .

========================================================================
Received Import Request.
  Time since last request: 7.086908 seconds.
  path: Assets/Scripts
  artifactKey: Guid(77fdf2a2586487e4c840f71d07a4f644) Importer(815301076,1909f56bfc062723c751e8b465ee728b)
Start importing Assets/Scripts using Guid(77fdf2a2586487e4c840f71d07a4f644) Importer(815301076,1909f56bfc062723c751e8b465ee728b)  -> (artifact id: '5dff9cde912dd585c6091888cb8065e5') in 0.004570 seconds
  Import took 0.008119 seconds .

========================================================================
Received Import Request.
  Time since last request: 15.776548 seconds.
  path: Assets/Scripts/RotateCamera.cs
  artifactKey: Guid(7041bc216921559459707e6b00da9716) Importer(815301076,1909f56bfc062723c751e8b465ee728b)
Start importing Assets/Scripts/RotateCamera.cs using Guid(7041bc216921559459707e6b00da9716) Importer(815301076,1909f56bfc062723c751e8b465ee728b)  -> (artifact id: '997efa66b9994bc2432f3e018bfdbc5e') in 0.011890 seconds
  Import took 0.016504 seconds .

========================================================================
Received Prepare
Registering precompiled user dll's ...
Registered in 0.001106 seconds.
Begin MonoManager ReloadAssembly
Native extension for WindowsStandalone target not found
Refreshing native plugins compatible for Editor in 0.38 ms, found 0 plugins.
Preloading 0 native plugins for Editor in 0.00 ms.
Invoked RoslynAnalysisRunner static constructor.
RoslynAnalysisRunner will not be running.
RoslynAnalysisRunner has terminated.
Mono: successfully reloaded assembly
- Completed reload, in  1.387 seconds
Platform modules already initialized, skipping
Refreshing native plugins compatible for Editor in 0.32 ms, found 0 plugins.
Preloading 0 native plugins for Editor in 0.00 ms.
Unloading 1109 Unused Serialized files (Serialized files now loaded: 0)
System memory in use before: 60.3 MB.
System memory in use after: 60.3 MB.

Unloading 6 unused Assets to reduce memory usage. Loaded Objects now: 1601.
Total: 2.484855 ms (FindLiveObjects: 0.175046 ms CreateObjectMapping: 0.065001 ms MarkObjects: 2.150728 ms  DeleteObjects: 0.091229 ms)

========================================================================
Received Prepare
Registering precompiled user dll's ...
Registered in 0.000801 seconds.
Begin MonoManager ReloadAssembly
Native extension for WindowsStandalone target not found
Refreshing native plugins compatible for Editor in 0.32 ms, found 0 plugins.
Preloading 0 native plugins for Editor in 0.00 ms.
Invoked RoslynAnalysisRunner static constructor.
RoslynAnalysisRunner will not be running.
RoslynAnalysisRunner has terminated.
Mono: successfully reloaded assembly
- Completed reload, in  1.657 seconds
Platform modules already initialized, skipping
Refreshing native plugins compatible for Editor in 0.29 ms, found 0 plugins.
Preloading 0 native plugins for Editor in 0.00 ms.
Unloading 1109 Unused Serialized files (Serialized files now loaded: 0)
System memory in use before: 60.3 MB.
System memory in use after: 60.4 MB.

Unloading 5 unused Assets to reduce memory usage. Loaded Objects now: 1604.
Total: 2.649067 ms (FindLiveObjects: 0.238336 ms CreateObjectMapping: 0.095791 ms MarkObjects: 2.240817 ms  DeleteObjects: 0.072413 ms)

========================================================================
Received Prepare
Registering precompiled user dll's ...
Registered in 0.001189 seconds.
Begin MonoManager ReloadAssembly
Native extension for WindowsStandalone target not found
Refreshing native plugins compatible for Editor in 0.33 ms, found 0 plugins.
Preloading 0 native plugins for Editor in 0.00 ms.
Invoked RoslynAnalysisRunner static constructor.
RoslynAnalysisRunner will not be running.
RoslynAnalysisRunner has terminated.
Mono: successfully reloaded assembly
- Completed reload, in  1.512 seconds
Platform modules already initialized, skipping
Refreshing native plugins compatible for Editor in 0.30 ms, found 0 plugins.
Preloading 0 native plugins for Editor in 0.00 ms.
Unloading 1110 Unused Serialized files (Serialized files now loaded: 0)
System memory in use before: 60.3 MB.
System memory in use after: 60.4 MB.

Unloading 5 unused Assets to reduce memory usage. Loaded Objects now: 1608.
Total: 3.136573 ms (FindLiveObjects: 0.184739 ms CreateObjectMapping: 0.066141 ms MarkObjects: 2.794464 ms  DeleteObjects: 0.088948 ms)

========================================================================
Received Import Request.
  Time since last request: 177.478055 seconds.
  path: Assets/Scripts/PlayerControl.cs
  artifactKey: Guid(625849e534f13ae43ae3d6510d0fa95d) Importer(815301076,1909f56bfc062723c751e8b465ee728b)
Start importing Assets/Scripts/PlayerControl.cs using Guid(625849e534f13ae43ae3d6510d0fa95d) Importer(815301076,1909f56bfc062723c751e8b465ee728b)  -> (artifact id: '4e9eba4b51101a9d2c15f8f5d41e93df') in 0.007017 seconds
  Import took 0.010048 seconds .

========================================================================
Received Prepare
Registering precompiled user dll's ...
Registered in 0.001176 seconds.
Begin MonoManager ReloadAssembly
Native extension for WindowsStandalone target not found
Refreshing native plugins compatible for Editor in 0.32 ms, found 0 plugins.
Preloading 0 native plugins for Editor in 0.00 ms.
Invoked RoslynAnalysisRunner static constructor.
RoslynAnalysisRunner will not be running.
RoslynAnalysisRunner has terminated.
Mono: successfully reloaded assembly
- Completed reload, in  1.326 seconds
Platform modules already initialized, skipping
Refreshing native plugins compatible for Editor in 0.30 ms, found 0 plugins.
Preloading 0 native plugins for Editor in 0.00 ms.
Unloading 1110 Unused Serialized files (Serialized files now loaded: 0)
System memory in use before: 60.3 MB.
System memory in use after: 60.4 MB.

Unloading 5 unused Assets to reduce memory usage. Loaded Objects now: 1611.
Total: 2.718059 ms (FindLiveObjects: 0.207546 ms CreateObjectMapping: 0.129431 ms MarkObjects: 2.309238 ms  DeleteObjects: 0.069562 ms)

========================================================================
Received Import Request.
  Time since last request: 74.628227 seconds.
  path: Assets/Scripts/PlayerControl.cs
  artifactKey: Guid(625849e534f13ae43ae3d6510d0fa95d) Importer(815301076,1909f56bfc062723c751e8b465ee728b)
Start importing Assets/Scripts/PlayerControl.cs using Guid(625849e534f13ae43ae3d6510d0fa95d) Importer(815301076,1909f56bfc062723c751e8b465ee728b)  -> (artifact id: 'fa6040425bdab0f8c9ce7f9b8f2fa8ed') in 0.011656 seconds
  Import took 0.015856 seconds .

========================================================================
Received Import Request.
  Time since last request: 0.048011 seconds.
  path: Assets/Scripts/PlayerControl.cs
  artifactKey: Guid(625849e534f13ae43ae3d6510d0fa95d) Importer(815301076,1909f56bfc062723c751e8b465ee728b)
Start importing Assets/Scripts/PlayerControl.cs using Guid(625849e534f13ae43ae3d6510d0fa95d) Importer(815301076,1909f56bfc062723c751e8b465ee728b)  -> (artifact id: 'fa6040425bdab0f8c9ce7f9b8f2fa8ed') in 0.006429 seconds
  Import took 0.010158 seconds .

========================================================================
Received Prepare
Registering precompiled user dll's ...
Registered in 0.001265 seconds.
Begin MonoManager ReloadAssembly
Native extension for WindowsStandalone target not found
Refreshing native plugins compatible for Editor in 0.30 ms, found 0 plugins.
Preloading 0 native plugins for Editor in 0.00 ms.
Invoked RoslynAnalysisRunner static constructor.
RoslynAnalysisRunner will not be running.
RoslynAnalysisRunner has terminated.
Mono: successfully reloaded assembly
- Completed reload, in  1.382 seconds
Platform modules already initialized, skipping
Refreshing native plugins compatible for Editor in 0.30 ms, found 0 plugins.
Preloading 0 native plugins for Editor in 0.00 ms.
Unloading 1110 Unused Serialized files (Serialized files now loaded: 0)
System memory in use before: 60.3 MB.
System memory in use after: 60.4 MB.

Unloading 5 unused Assets to reduce memory usage. Loaded Objects now: 1614.
Total: 3.020826 ms (FindLiveObjects: 0.199564 ms CreateObjectMapping: 0.216099 ms MarkObjects: 2.505951 ms  DeleteObjects: 0.095791 ms)

========================================================================
Received Import Request.
  Time since last request: 12.998097 seconds.
  path: Assets/Scripts/PlayerControl.cs
  artifactKey: Guid(625849e534f13ae43ae3d6510d0fa95d) Importer(815301076,1909f56bfc062723c751e8b465ee728b)
Start importing Assets/Scripts/PlayerControl.cs using Guid(625849e534f13ae43ae3d6510d0fa95d) Importer(815301076,1909f56bfc062723c751e8b465ee728b)  -> (artifact id: '78278df76c2ae46cf702b9892b001b8f') in 0.007876 seconds
  Import took 0.011661 seconds .

========================================================================
Received Prepare
Registering precompiled user dll's ...
Registered in 0.001068 seconds.
Begin MonoManager ReloadAssembly
Native extension for WindowsStandalone target not found
Refreshing native plugins compatible for Editor in 0.31 ms, found 0 plugins.
Preloading 0 native plugins for Editor in 0.00 ms.
Invoked RoslynAnalysisRunner static constructor.
RoslynAnalysisRunner will not be running.
RoslynAnalysisRunner has terminated.
Mono: successfully reloaded assembly
- Completed reload, in  1.375 seconds
Platform modules already initialized, skipping
Refreshing native plugins compatible for Editor in 0.32 ms, found 0 plugins.
Preloading 0 native plugins for Editor in 0.00 ms.
Unloading 1110 Unused Serialized files (Serialized files now loaded: 0)
System memory in use before: 60.3 MB.
System memory in use after: 60.4 MB.

Unloading 5 unused Assets to reduce memory usage. Loaded Objects now: 1617.
Total: 2.717489 ms (FindLiveObjects: 0.212108 ms CreateObjectMapping: 0.116887 ms MarkObjects: 2.313800 ms  DeleteObjects: 0.072413 ms)

========================================================================
Received Prepare
Registering precompiled user dll's ...
Registered in 0.000800 seconds.
Begin MonoManager ReloadAssembly
Native extension for WindowsStandalone target not found
Refreshing native plugins compatible for Editor in 0.43 ms, found 0 plugins.
Preloading 0 native plugins for Editor in 0.00 ms.
Invoked RoslynAnalysisRunner static constructor.
RoslynAnalysisRunner will not be running.
RoslynAnalysisRunner has terminated.
Mono: successfully reloaded assembly
- Completed reload, in  1.498 seconds
Platform modules already initialized, skipping
Refreshing native plugins compatible for Editor in 0.29 ms, found 0 plugins.
Preloading 0 native plugins for Editor in 0.00 ms.
Unloading 1110 Unused Serialized files (Serialized files now loaded: 0)
System memory in use before: 60.4 MB.
System memory in use after: 60.4 MB.

Unloading 5 unused Assets to reduce memory usage. Loaded Objects now: 1620.
Total: 2.427836 ms (FindLiveObjects: 0.177897 ms CreateObjectMapping: 0.064431 ms MarkObjects: 2.104543 ms  DeleteObjects: 0.078115 ms)

========================================================================
Received Prepare
Registering precompiled user dll's ...
Registered in 0.001040 seconds.
Begin MonoManager ReloadAssembly
Native extension for WindowsStandalone target not found
Refreshing native plugins compatible for Editor in 0.45 ms, found 0 plugins.
Preloading 0 native plugins for Editor in 0.00 ms.
Invoked RoslynAnalysisRunner static constructor.
RoslynAnalysisRunner will not be running.
RoslynAnalysisRunner has terminated.
Mono: successfully reloaded assembly
- Completed reload, in  1.886 seconds
Platform modules already initialized, skipping
Refreshing native plugins compatible for Editor in 0.43 ms, found 0 plugins.
Preloading 0 native plugins for Editor in 0.00 ms.
Unloading 1110 Unused Serialized files (Serialized files now loaded: 0)
System memory in use before: 60.4 MB.
System memory in use after: 60.4 MB.

Unloading 5 unused Assets to reduce memory usage. Loaded Objects now: 1623.
Total: 3.460436 ms (FindLiveObjects: 0.287372 ms CreateObjectMapping: 0.162502 ms MarkObjects: 2.903939 ms  DeleteObjects: 0.104914 ms)

========================================================================
Received Prepare
Registering precompiled user dll's ...
Registered in 0.001191 seconds.
Begin MonoManager ReloadAssembly
Native extension for WindowsStandalone target not found
Refreshing native plugins compatible for Editor in 0.32 ms, found 0 plugins.
Preloading 0 native plugins for Editor in 0.00 ms.
Invoked RoslynAnalysisRunner static constructor.
RoslynAnalysisRunner will not be running.
RoslynAnalysisRunner has terminated.
Mono: successfully reloaded assembly
- Completed reload, in  1.226 seconds
Platform modules already initialized, skipping
Refreshing native plugins compatible for Editor in 0.30 ms, found 0 plugins.
Preloading 0 native plugins for Editor in 0.00 ms.
Unloading 1110 Unused Serialized files (Serialized files now loaded: 0)
System memory in use before: 60.4 MB.
System memory in use after: 60.4 MB.

Unloading 5 unused Assets to reduce memory usage. Loaded Objects now: 1626.
Total: 3.036791 ms (FindLiveObjects: 0.458427 ms CreateObjectMapping: 0.135703 ms MarkObjects: 2.362836 ms  DeleteObjects: 0.077545 ms)

AssetImportWorkerClient::OnTransportError - code=2 error=End of file
